2023-12-13 11:37:31.311  INFO 29828 --- [main] o.v.n.NotificationSpringApplication      : Starting NotificationSpringApplication using Java 17 on LAPTOP-DM1H0JAO with PID 29828 (C:\Users\hp5pr\Desktop\E-Commerce Microservices\ECommerce-Microservices\notification-service\target\classes started by hp5pr in C:\Users\hp5pr\Desktop\E-Commerce Microservices\ECommerce-Microservices)
2023-12-13 11:37:31.324  INFO 29828 --- [main] o.v.n.NotificationSpringApplication      : No active profile set, falling back to 1 default profile: "default"
2023-12-13 11:37:32.581  INFO 29828 --- [main] faultConfiguringBeanFactoryPostProcessor : No bean named 'errorChannel' has been explicitly defined. Therefore, a default PublishSubscribeChannel will be created.
2023-12-13 11:37:32.603  INFO 29828 --- [main] faultConfiguringBeanFactoryPostProcessor : No bean named 'integrationHeaderChannelRegistry' has been explicitly defined. Therefore, a default DefaultHeaderChannelRegistry will be created.
2023-12-13 11:37:33.234  INFO 29828 --- [main] o.s.b.w.embedded.tomcat.TomcatWebServer  : Tomcat initialized with port(s): 2020 (http)
2023-12-13 11:37:33.244  INFO 29828 --- [main] o.apache.catalina.core.StandardService   : Starting service [Tomcat]
2023-12-13 11:37:33.244  INFO 29828 --- [main] org.apache.catalina.core.StandardEngine  : Starting Servlet engine: [Apache Tomcat/9.0.78]
2023-12-13 11:37:33.387  INFO 29828 --- [main] o.a.c.c.C.[Tomcat].[localhost].[/]       : Initializing Spring embedded WebApplicationContext
2023-12-13 11:37:33.387  INFO 29828 --- [main] w.s.c.ServletWebServerApplicationContext : Root WebApplicationContext: initialization completed in 1968 ms
2023-12-13 11:37:33.959  INFO 29828 --- [main] c.g.c.s.a.c.GcpContextAutoConfiguration  : The default project ID is projextx30794
2023-12-13 11:37:34.019  INFO 29828 --- [main] c.g.c.s.core.DefaultCredentialsProvider  : Default credentials provider for service account all-app-editor@projextx30794.iam.gserviceaccount.com
2023-12-13 11:37:34.019  INFO 29828 --- [main] c.g.c.s.core.DefaultCredentialsProvider  : Scopes in use by default credentials: [https://www.googleapis.com/auth/pubsub, https://www.googleapis.com/auth/spanner.admin, https://www.googleapis.com/auth/spanner.data, https://www.googleapis.com/auth/datastore, https://www.googleapis.com/auth/sqlservice.admin, https://www.googleapis.com/auth/devstorage.read_only, https://www.googleapis.com/auth/devstorage.read_write, https://www.googleapis.com/auth/cloudruntimeconfig, https://www.googleapis.com/auth/trace.append, https://www.googleapis.com/auth/cloud-platform, https://www.googleapis.com/auth/cloud-vision, https://www.googleapis.com/auth/bigquery, https://www.googleapis.com/auth/monitoring.write]
2023-12-13 11:37:34.475 DEBUG 29828 --- [main] s.w.s.m.m.a.RequestMappingHandlerAdapter : ControllerAdvice beans: 0 @ModelAttribute, 0 @InitBinder, 1 RequestBodyAdvice, 1 ResponseBodyAdvice
2023-12-13 11:37:34.592 DEBUG 29828 --- [main] s.w.s.m.m.a.RequestMappingHandlerMapping : 3 mappings in 'requestMappingHandlerMapping'
2023-12-13 11:37:34.620 DEBUG 29828 --- [main] o.s.w.s.handler.SimpleUrlHandlerMapping  : Patterns [/webjars/**, /**] in 'resourceHandlerMapping'
2023-12-13 11:37:34.634 DEBUG 29828 --- [main] .m.m.a.ExceptionHandlerExceptionResolver : ControllerAdvice beans: 0 @ExceptionHandler, 1 ResponseBodyAdvice
2023-12-13 11:37:36.147  INFO 29828 --- [main] o.s.b.a.e.web.EndpointLinksResolver      : Exposing 16 endpoint(s) beneath base path '/actuator'
2023-12-13 11:37:36.287  INFO 29828 --- [main] o.s.i.endpoint.EventDrivenConsumer       : Adding {logging-channel-adapter:_org.springframework.integration.errorLogger} as a subscriber to the 'errorChannel' channel
2023-12-13 11:37:36.287  INFO 29828 --- [main] o.s.i.channel.PublishSubscribeChannel    : Channel 'application.errorChannel' has 1 subscriber(s).
2023-12-13 11:37:36.288  INFO 29828 --- [main] o.s.i.endpoint.EventDrivenConsumer       : started bean '_org.springframework.integration.errorLogger'
2023-12-13 11:37:36.288  INFO 29828 --- [main] o.s.i.endpoint.EventDrivenConsumer       : Adding {service-activator:notificationSpringApplication.receiveMessage.serviceActivator} as a subscriber to the 'inputChannel' channel
2023-12-13 11:37:36.288  INFO 29828 --- [main] o.s.integration.channel.DirectChannel    : Channel 'application.inputChannel' has 1 subscriber(s).
2023-12-13 11:37:36.288  INFO 29828 --- [main] o.s.i.endpoint.EventDrivenConsumer       : started bean 'notificationSpringApplication.receiveMessage.serviceActivator'
2023-12-13 11:37:36.313  INFO 29828 --- [main] .g.c.s.p.i.i.PubSubInboundChannelAdapter : started bean 'messageAdapter'; defined in: 'org.vinayM.notificationservice.NotificationSpringApplication'; from source: 'public com.google.cloud.spring.pubsub.integration.inbound.PubSubInboundChannelAdapter org.vinayM.notificationservice.NotificationSpringApplication.messageAdapter(org.springframework.messaging.MessageChannel,com.google.cloud.spring.pubsub.core.PubSubTemplate)'
2023-12-13 11:37:36.329  INFO 29828 --- [main] o.s.b.w.embedded.tomcat.TomcatWebServer  : Tomcat started on port(s): 2020 (http) with context path ''
2023-12-13 11:37:36.376  INFO 29828 --- [main] o.v.n.NotificationSpringApplication      : Started NotificationSpringApplication in 5.757 seconds (JVM running for 6.382)
2023-12-13 11:49:09.356  INFO 29828 --- [SpringApplicationShutdownHook] .g.c.s.p.i.i.PubSubInboundChannelAdapter : stopped bean 'messageAdapter'; defined in: 'org.vinayM.notificationservice.NotificationSpringApplication'; from source: 'public com.google.cloud.spring.pubsub.integration.inbound.PubSubInboundChannelAdapter org.vinayM.notificationservice.NotificationSpringApplication.messageAdapter(org.springframework.messaging.MessageChannel,com.google.cloud.spring.pubsub.core.PubSubTemplate)'
2023-12-13 11:49:09.357  INFO 29828 --- [SpringApplicationShutdownHook] o.s.i.endpoint.EventDrivenConsumer       : Removing {logging-channel-adapter:_org.springframework.integration.errorLogger} as a subscriber to the 'errorChannel' channel
2023-12-13 11:49:09.357  INFO 29828 --- [SpringApplicationShutdownHook] o.s.i.channel.PublishSubscribeChannel    : Channel 'application.errorChannel' has 0 subscriber(s).
2023-12-13 11:49:09.358  INFO 29828 --- [SpringApplicationShutdownHook] o.s.i.endpoint.EventDrivenConsumer       : stopped bean '_org.springframework.integration.errorLogger'
2023-12-13 11:49:09.358  INFO 29828 --- [SpringApplicationShutdownHook] o.s.i.endpoint.EventDrivenConsumer       : Removing {service-activator:notificationSpringApplication.receiveMessage.serviceActivator} as a subscriber to the 'inputChannel' channel
2023-12-13 11:49:09.358  INFO 29828 --- [SpringApplicationShutdownHook] o.s.integration.channel.DirectChannel    : Channel 'application.inputChannel' has 0 subscriber(s).
2023-12-13 11:49:09.358  INFO 29828 --- [SpringApplicationShutdownHook] o.s.i.endpoint.EventDrivenConsumer       : stopped bean 'notificationSpringApplication.receiveMessage.serviceActivator'
